[debug] [2018-07-31T03:34:24.622Z] ----------------------------------------------------------------------
[debug] [2018-07-31T03:34:24.626Z] Command:       /usr/local/Cellar/node/10.1.0/bin/node /usr/local/bin/firebase deploy
[debug] [2018-07-31T03:34:24.627Z] CLI Version:   3.18.5
[debug] [2018-07-31T03:34:24.627Z] Platform:      darwin
[debug] [2018-07-31T03:34:24.627Z] Node Version:  v10.1.0
[debug] [2018-07-31T03:34:24.628Z] Time:          Tue Jul 31 2018 09:04:24 GMT+0530 (IST)
[debug] [2018-07-31T03:34:24.628Z] ----------------------------------------------------------------------
[debug] 
[debug] [2018-07-31T03:34:24.665Z] > command requires scopes: ["email","openid","https://www.googleapis.com/auth/cloudplatformprojects.readonly","https://www.googleapis.com/auth/firebase","https://www.googleapis.com/auth/cloud-platform"]
[debug] [2018-07-31T03:34:24.666Z] > authorizing via signed-in user
[debug] [2018-07-31T03:34:24.669Z] > refreshing access token with scopes: ["email","https://www.googleapis.com/auth/cloud-platform","https://www.googleapis.com/auth/cloudplatformprojects.readonly","https://www.googleapis.com/auth/firebase","openid"]
[debug] [2018-07-31T03:34:24.670Z] >>> HTTP REQUEST POST https://www.googleapis.com/oauth2/v3/token  
 { refresh_token: '1/JfyNE-gUBfoAoRJuCwB00CmxqiSMXkPv3aaDk8VfUFg',
  client_id: '563584335869-fgrhgmd47bqnekij5i8b5pr03ho849e6.apps.googleusercontent.com',
  client_secret: 'j9iVZfS8kkCEFUPaAeJV0sAi',
  grant_type: 'refresh_token',
  scope: 'email https://www.googleapis.com/auth/cloud-platform https://www.googleapis.com/auth/cloudplatformprojects.readonly https://www.googleapis.com/auth/firebase openid' } 
 Tue Jul 31 2018 09:04:24 GMT+0530 (IST)
[debug] [2018-07-31T03:34:25.292Z] <<< HTTP RESPONSE 200
[debug] [2018-07-31T03:34:25.316Z] >>> HTTP REQUEST GET https://admin.firebase.com/v1/projects/playbook-41a3a  
  
 Tue Jul 31 2018 09:04:25 GMT+0530 (IST)
[debug] [2018-07-31T03:34:27.148Z] <<< HTTP RESPONSE 200
[debug] [2018-07-31T03:34:27.150Z] >>> HTTP REQUEST GET https://admin.firebase.com/v1/database/playbook-41a3a/tokens  
  
 Tue Jul 31 2018 09:04:27 GMT+0530 (IST)
[debug] [2018-07-31T03:34:28.480Z] <<< HTTP RESPONSE 200
[info] 
[info] === Deploying to 'playbook-41a3a'...
[info] 
[info] i  deploying database, hosting
[info] i  database: checking rules syntax...
[debug] [2018-07-31T03:34:30.366Z] >>> HTTP REQUEST PUT https://playbook-41a3a.firebaseio.com/.settings/rules.json?dryRun=true  
 {
  /* Visit https://firebase.google.com/docs/database/security to learn more about security rules. */
  "rules": {
    ".read": false,
    ".write": false
  }
} 
 Tue Jul 31 2018 09:04:30 GMT+0530 (IST)
[debug] [2018-07-31T03:34:32.045Z] <<< HTTP RESPONSE 200
[info] ✔  database: rules syntax for database playbook-41a3a is valid
[info] i  hosting: preparing public directory for upload...
[debug] [2018-07-31T03:34:38.618Z] >>> HTTP REQUEST PUT https://deploy.firebase.com/v1/hosting/playbook-41a3a/uploads/-LIiOgnMHZ49gbnJF7AX?fileCount=24&message=  
  
 Tue Jul 31 2018 09:04:38 GMT+0530 (IST)
